<?xml version="1.0" encoding="UTF-8"?>
<testng-results ignored="0" total="1" passed="1" failed="0" skipped="0">
  <reporter-output>
  </reporter-output>
  <suite started-at="2023-08-15T23:36:24 EET" name="Default suite" finished-at="2023-08-15T23:36:32 EET" duration-ms="8603">
    <groups>
    </groups>
    <test started-at="2023-08-15T23:36:24 EET" name="Default test" finished-at="2023-08-15T23:36:32 EET" duration-ms="8603">
      <class name="findingElements.eva">
        <test-method is-config="true" signature="openURL()[pri:0, instance:findingElements.eva@272113c4]" started-at="2023-08-15T23:36:24 EET" name="openURL" finished-at="2023-08-15T23:36:29 EET" duration-ms="5122" status="PASS">
          <reporter-output>
          </reporter-output>
        </test-method> <!-- openURL -->
        <test-method signature="test()[pri:0, instance:findingElements.eva@272113c4]" started-at="2023-08-15T23:36:29 EET" name="test" finished-at="2023-08-15T23:36:32 EET" duration-ms="3442" status="PASS">
          <reporter-output>
          </reporter-output>
        </test-method> <!-- test -->
        <test-method is-config="true" signature="closeDriver()[pri:0, instance:findingElements.eva@272113c4]" started-at="2023-08-15T23:36:32 EET" name="closeDriver" finished-at="2023-08-15T23:36:32 EET" duration-ms="1" status="PASS">
          <reporter-output>
          </reporter-output>
        </test-method> <!-- closeDriver -->
      </class> <!-- findingElements.eva -->
    </test> <!-- Default test -->
  </suite> <!-- Default suite -->
</testng-results>
