<?xml version="1.0" encoding="UTF-8"?>
<robot generator="Robot 6.1 (Python 3.11.4 on win32)" generated="20230813 15:08:03.433" rpa="false" schemaversion="4">
<suite id="s1" name="Test" source="C:\Users\anton.samir\PycharmProjects\RobotFramework\Automation\test.robot">
<test id="s1-t1" name="Google" line="8">
<kw name="Happy-Scenario">
<kw name="Open Browser" library="SeleniumLibrary">
<arg>${url}</arg>
<arg>${browser}</arg>
<doc>Opens a new browser instance to the optional ``url``.</doc>
<msg timestamp="20230813 15:08:03.803" level="INFO">Opening browser 'chrome' to base url 'https://www.evapharma.com/'.</msg>
<status status="PASS" starttime="20230813 15:08:03.802" endtime="20230813 15:08:10.827"/>
</kw>
<kw name="Maximize Browser Window" library="SeleniumLibrary">
<doc>Maximizes current browser window.</doc>
<status status="PASS" starttime="20230813 15:08:10.829" endtime="20230813 15:08:11.032"/>
</kw>
<kw name="Sleep" library="BuiltIn">
<arg>1</arg>
<doc>Pauses the test executed for the given time.</doc>
<msg timestamp="20230813 15:08:12.037" level="INFO">Slept 1 second</msg>
<status status="PASS" starttime="20230813 15:08:11.032" endtime="20230813 15:08:12.037"/>
</kw>
<kw name="Click Button" library="SeleniumLibrary">
<arg>xpath: //*[@id="__next"]/div[1]/span/div/div[1]/div/div[3]/div[3]/a/button</arg>
<doc>Clicks the button identified by ``locator``.</doc>
<msg timestamp="20230813 15:08:12.044" level="INFO">Clicking button 'xpath: //*[@id="__next"]/div[1]/span/div/div[1]/div/div[3]/div[3]/a/button'.</msg>
<status status="PASS" starttime="20230813 15:08:12.037" endtime="20230813 15:08:12.184"/>
</kw>
<kw name="Sleep" library="BuiltIn">
<arg>2</arg>
<doc>Pauses the test executed for the given time.</doc>
<msg timestamp="20230813 15:08:14.184" level="INFO">Slept 2 seconds</msg>
<status status="PASS" starttime="20230813 15:08:12.184" endtime="20230813 15:08:14.184"/>
</kw>
<kw name="Input Text" library="SeleniumLibrary">
<arg>xpath://*[@id="__next"]/div[2]/div[2]/div/div/div[2]/div/form/div/div[1]/div/div/input</arg>
<arg>Anton Samir</arg>
<doc>Types the given ``text`` into the text field identified by ``locator``.</doc>
<msg timestamp="20230813 15:08:14.184" level="INFO">Typing text 'Anton Samir' into text field 'xpath://*[@id="__next"]/div[2]/div[2]/div/div/div[2]/div/form/div/div[1]/div/div/input'.</msg>
<status status="PASS" starttime="20230813 15:08:14.184" endtime="20230813 15:08:14.711"/>
</kw>
<kw name="Input Text" library="SeleniumLibrary">
<arg>xpath://*[@id="__next"]/div[2]/div[2]/div/div/div[2]/div/form/div/div[2]/div/div/input</arg>
<arg>antonsamir882@gmail.com</arg>
<doc>Types the given ``text`` into the text field identified by ``locator``.</doc>
<msg timestamp="20230813 15:08:14.719" level="INFO">Typing text 'antonsamir882@gmail.com' into text field 'xpath://*[@id="__next"]/div[2]/div[2]/div/div/div[2]/div/form/div/div[2]/div/div/input'.</msg>
<status status="PASS" starttime="20230813 15:08:14.711" endtime="20230813 15:08:15.202"/>
</kw>
<kw name="Input Text" library="SeleniumLibrary">
<arg>xpath://*[@id="__next"]/div[2]/div[2]/div/div/div[2]/div/form/div/div[3]/div[1]/div[2]/div/div/input</arg>
<arg>1287090732</arg>
<doc>Types the given ``text`` into the text field identified by ``locator``.</doc>
<msg timestamp="20230813 15:08:15.202" level="INFO">Typing text '1287090732' into text field 'xpath://*[@id="__next"]/div[2]/div[2]/div/div/div[2]/div/form/div/div[3]/div[1]/div[2]/div/div/input'.</msg>
<status status="PASS" starttime="20230813 15:08:15.202" endtime="20230813 15:08:15.532"/>
</kw>
<kw name="Input Text" library="SeleniumLibrary">
<arg>xpath://*[@id="__next"]/div[2]/div[2]/div/div/div[2]/div/form/div/div[4]/div/div/input</arg>
<arg>Fresh</arg>
<doc>Types the given ``text`` into the text field identified by ``locator``.</doc>
<msg timestamp="20230813 15:08:15.532" level="INFO">Typing text 'Fresh' into text field 'xpath://*[@id="__next"]/div[2]/div[2]/div/div/div[2]/div/form/div/div[4]/div/div/input'.</msg>
<status status="PASS" starttime="20230813 15:08:15.532" endtime="20230813 15:08:15.731"/>
</kw>
<kw name="Input Text" library="SeleniumLibrary">
<arg>xpath://*[@id="custom-css-outlined-input"]</arg>
<arg>jkfgfgf dfgfdgkk kdfgfdkg dfgfgfdgnj fdfkgjfdgkfngkgd</arg>
<doc>Types the given ``text`` into the text field identified by ``locator``.</doc>
<msg timestamp="20230813 15:08:15.731" level="INFO">Typing text 'jkfgfgf dfgfdgkk kdfgfdkg dfgfgfdgnj fdfkgjfdgkfngkgd' into text field 'xpath://*[@id="custom-css-outlined-input"]'.</msg>
<status status="PASS" starttime="20230813 15:08:15.731" endtime="20230813 15:08:16.642"/>
</kw>
<kw name="Sleep" library="BuiltIn">
<arg>2</arg>
<doc>Pauses the test executed for the given time.</doc>
<msg timestamp="20230813 15:08:18.651" level="INFO">Slept 2 seconds</msg>
<status status="PASS" starttime="20230813 15:08:16.650" endtime="20230813 15:08:18.651"/>
</kw>
<kw name="Click Button" library="SeleniumLibrary">
<arg>xpath: //*[@id="__next"]/div[2]/div[2]/div/div/div[2]/div/form/div/div[6]/button</arg>
<doc>Clicks the button identified by ``locator``.</doc>
<msg timestamp="20230813 15:08:18.651" level="INFO">Clicking button 'xpath: //*[@id="__next"]/div[2]/div[2]/div/div/div[2]/div/form/div/div[6]/button'.</msg>
<status status="PASS" starttime="20230813 15:08:18.651" endtime="20230813 15:08:18.791"/>
</kw>
<kw name="Sleep" library="BuiltIn">
<arg>2</arg>
<doc>Pauses the test executed for the given time.</doc>
<msg timestamp="20230813 15:08:20.791" level="INFO">Slept 2 seconds</msg>
<status status="PASS" starttime="20230813 15:08:18.791" endtime="20230813 15:08:20.791"/>
</kw>
<kw name="Set Variable" library="BuiltIn">
<var>${input_txt}</var>
<arg>xpath: //*[@id="__next"]/div[2]/div[2]/div</arg>
<doc>Returns the given values which can then be assigned to a variables.</doc>
<msg timestamp="20230813 15:08:20.792" level="INFO">${input_txt} = xpath: //*[@id="__next"]/div[2]/div[2]/div</msg>
<status status="PASS" starttime="20230813 15:08:20.792" endtime="20230813 15:08:20.792"/>
</kw>
<kw name="Element Should Be Enabled" library="SeleniumLibrary">
<arg>${input_txt}</arg>
<doc>Verifies that element identified by ``locator`` is enabled.</doc>
<status status="PASS" starttime="20230813 15:08:20.792" endtime="20230813 15:08:20.851"/>
</kw>
<kw name="Element Should Be Visible" library="SeleniumLibrary">
<arg>${input_txt}</arg>
<doc>Verifies that the element identified by ``locator`` is visible.</doc>
<msg timestamp="20230813 15:08:20.881" level="INFO">Element 'xpath: //*[@id="__next"]/div[2]/div[2]/div' is displayed.</msg>
<status status="PASS" starttime="20230813 15:08:20.851" endtime="20230813 15:08:20.881"/>
</kw>
<kw name="Sleep" library="BuiltIn">
<arg>2</arg>
<doc>Pauses the test executed for the given time.</doc>
<msg timestamp="20230813 15:08:22.881" level="INFO">Slept 2 seconds</msg>
<status status="PASS" starttime="20230813 15:08:20.881" endtime="20230813 15:08:22.881"/>
</kw>
<kw name="Close Browser" library="SeleniumLibrary">
<doc>Closes the current browser.</doc>
<status status="PASS" starttime="20230813 15:08:22.881" endtime="20230813 15:08:25.112"/>
</kw>
<status status="PASS" starttime="20230813 15:08:03.801" endtime="20230813 15:08:25.112"/>
</kw>
<status status="PASS" starttime="20230813 15:08:03.800" endtime="20230813 15:08:25.112"/>
</test>
<status status="PASS" starttime="20230813 15:08:03.437" endtime="20230813 15:08:25.112"/>
</suite>
<statistics>
<total>
<stat pass="1" fail="0" skip="0">All Tests</stat>
</total>
<tag>
</tag>
<suite>
<stat pass="1" fail="0" skip="0" id="s1" name="Test">Test</stat>
</suite>
</statistics>
<errors>
</errors>
</robot>
