<?xml version="1.0" encoding="UTF-8"?>
<testng-results ignored="0" total="1" passed="1" failed="0" skipped="0">
  <reporter-output>
  </reporter-output>
  <suite started-at="2023-08-14T03:31:43 EET" name="Default suite" finished-at="2023-08-14T03:31:50 EET" duration-ms="6470">
    <groups>
    </groups>
    <test started-at="2023-08-14T03:31:43 EET" name="Default test" finished-at="2023-08-14T03:31:50 EET" duration-ms="6470">
      <class name="findingElements.eva">
        <test-method is-config="true" signature="openURL()[pri:0, instance:findingElements.eva@242b836]" started-at="2023-08-14T03:31:43 EET" name="openURL" finished-at="2023-08-14T03:31:48 EET" duration-ms="4823" status="PASS">
          <reporter-output>
          </reporter-output>
        </test-method> <!-- openURL -->
        <test-method signature="test()[pri:0, instance:findingElements.eva@242b836]" started-at="2023-08-14T03:31:48 EET" name="test" finished-at="2023-08-14T03:31:50 EET" duration-ms="1614" status="PASS">
          <reporter-output>
          </reporter-output>
        </test-method> <!-- test -->
        <test-method is-config="true" signature="closeDriver()[pri:0, instance:findingElements.eva@242b836]" started-at="2023-08-14T03:31:50 EET" name="closeDriver" finished-at="2023-08-14T03:31:50 EET" duration-ms="0" status="PASS">
          <reporter-output>
          </reporter-output>
        </test-method> <!-- closeDriver -->
      </class> <!-- findingElements.eva -->
    </test> <!-- Default test -->
  </suite> <!-- Default suite -->
</testng-results>
